#
# There is insufficient memory for the Java Runtime Environment to continue.
# Native memory allocation (mmap) failed to map 266338304 bytes for G1 virtual space
# Possible reasons:
#   The system is out of physical RAM or swap space
#   The process is running with CompressedOops enabled, and the Java Heap may be blocking the growth of the native heap
# Possible solutions:
#   Reduce memory load on the system
#   Increase physical memory or swap space
#   Check if swap backing store is full
#   Decrease Java heap size (-Xmx/-Xms)
#   Decrease number of Java threads
#   Decrease Java thread stack sizes (-Xss)
#   Set larger code cache with -XX:ReservedCodeCacheSize=
#   JVM is running with Zero Based Compressed Oops mode in which the Java heap is
#     placed in the first 32GB address space. The Java Heap base address is the
#     maximum limit for the native heap growth. Please use -XX:HeapBaseMinAddress
#     to set the Java Heap base and to place the Java Heap above 32GB virtual address.
# This output file may be truncated or incomplete.
#
#  Out of Memory Error (os_windows.cpp:3527), pid=6076, tid=2256
#
# JRE version:  (19.0.1+10) (build )
# Java VM: Java HotSpot(TM) 64-Bit Server VM (19.0.1+10-21, mixed mode, sharing, tiered, compressed oops, compressed class ptrs, g1 gc, windows-amd64)
# No core dump will be written. Minidumps are not enabled by default on client versions of Windows
#

---------------  S U M M A R Y ------------

Command Line: -Dfile.encoding=UTF-8 --module-path=E:\NetbeansProjects\UnivManager\build\classes univmanager.StudentLogin

Host: Intel(R) Core(TM) i5-10300H CPU @ 2.50GHz, 8 cores, 15G,  Windows 10 , 64 bit Build 19041 (10.0.19041.2364)
Time: Tue Jan 17 17:35:29 2023 India Standard Time elapsed time: 0.104207 seconds (0d 0h 0m 0s)

---------------  T H R E A D  ---------------

Current thread (0x000002498f94d4a0):  JavaThread "Unknown thread" [_thread_in_vm, id=2256, stack(0x000000cbdfe00000,0x000000cbdff00000)]

Stack: [0x000000cbdfe00000,0x000000cbdff00000]
Native frames: (J=compiled Java code, j=interpreted, Vv=VM code, C=native code)
V  [jvm.dll+0x6ee8fa]
V  [jvm.dll+0x857a1e]
V  [jvm.dll+0x85940e]
V  [jvm.dll+0x859ac3]
V  [jvm.dll+0x28291f]
V  [jvm.dll+0x6eb6e9]
V  [jvm.dll+0x6e028a]
V  [jvm.dll+0x357136]
V  [jvm.dll+0x35eb96]
V  [jvm.dll+0x3b555e]
V  [jvm.dll+0x3b578f]
V  [jvm.dll+0x32c6ea]
V  [jvm.dll+0x32d59e]
V  [jvm.dll+0x821b20]
V  [jvm.dll+0x3c27c1]
V  [jvm.dll+0x8022f1]
V  [jvm.dll+0x44b30f]
V  [jvm.dll+0x44cc91]
C  [jli.dll+0x5287]
C  [ucrtbase.dll+0x21bb2]
C  [KERNEL32.DLL+0x17614]
C  [ntdll.dll+0x526a1]


---------------  P R O C E S S  ---------------

Threads class SMR info:
_java_thread_list=0x00007ffeadc4d048, length=0, elements={
}

Java Threads: ( => current thread )

Other Threads:
  0x000002498f9bb460 WorkerThread "GC Thread#0" [stack: 0x000000cbdff00000,0x000000cbe0000000] [id=7892]
  0x000002498f9cd120 ConcurrentGCThread "G1 Main Marker" [stack: 0x000000cbe0000000,0x000000cbe0100000] [id=12896]
  0x000002498f9ced00 WorkerThread "G1 Conc#0" [stack: 0x000000cbe0100000,0x000000cbe0200000] [id=3892]

[error occurred during error reporting (printing all threads), id 0xc0000005, EXCEPTION_ACCESS_VIOLATION (0xc0000005) at pc=0x00007ffead40d127]

VM state: not at safepoint (not fully initialized)

VM Mutex/Monitor currently owned by a thread:  ([mutex/lock_event])
[0x000002498f947ce0] Heap_lock - owner thread: 0x000002498f94d4a0

Heap address: 0x0000000702a00000, size: 4054 MB, Compressed Oops mode: Zero based, Oop shift amount: 3

CDS archive(s) mapped at: [0x0000000000000000-0x0000000000000000-0x0000000000000000), size 0, SharedBaseAddress: 0x0000000800000000, ArchiveRelocationMode: 0.
Narrow klass base: 0x0000000000000000, Narrow klass shift: 0, Narrow klass range: 0x0

GC Precious Log:
 CardTable entry size: 512
 Card Set container configuration: InlinePtr #cards 4 size 8 Array Of Cards #cards 16 size 48 Howl #buckets 8 coarsen threshold 3686 Howl Bitmap #cards 512 size 80 coarsen threshold 460 Card regions per heap region 1 cards per card region 4096

Heap:
 garbage-first heap   total 0K, used 0K [0x0000000702a00000, 0x0000000800000000)
  region size 2048K, 0 young (0K), 0 survivors (0K)

[error occurred during error reporting (printing heap information), id 0xc0000005, EXCEPTION_ACCESS_VIOLATION (0xc0000005) at pc=0x00007ffead816959]

GC Heap History (0 events):
No events

Dll operation events (1 events):
Event: 0.007 Loaded shared library C:\Program Files\Java\jdk-19\bin\java.dll

Deoptimization events (0 events):
No events

Classes loaded (0 events):
No events

Classes unloaded (0 events):
No events

Classes redefined (0 events):
No events

Internal exceptions (0 events):
No events

VM Operations (0 events):
No events

Events (0 events):
No events


Dynamic libraries:
0x00007ff7c1c70000 - 0x00007ff7c1c80000 	C:\Program Files\Java\jdk-19\bin\java.exe
0x00007ffeff190000 - 0x00007ffeff388000 	C:\WINDOWS\SYSTEM32\ntdll.dll
0x00007ffefe190000 - 0x00007ffefe24f000 	C:\WINDOWS\System32\KERNEL32.DLL
0x00007ffefcc00000 - 0x00007ffefced2000 	C:\WINDOWS\System32\KERNELBASE.dll
0x00007ffefcf70000 - 0x00007ffefd070000 	C:\WINDOWS\System32\ucrtbase.dll
0x00007ffeeaf60000 - 0x00007ffeeaf7b000 	C:\Program Files\Java\jdk-19\bin\VCRUNTIME140.dll
0x00007ffeeaf40000 - 0x00007ffeeaf58000 	C:\Program Files\Java\jdk-19\bin\jli.dll
0x00007ffefed70000 - 0x00007ffefee1e000 	C:\WINDOWS\System32\ADVAPI32.dll
0x00007ffefd400000 - 0x00007ffefd49e000 	C:\WINDOWS\System32\msvcrt.dll
0x00007ffefdd20000 - 0x00007ffefddbc000 	C:\WINDOWS\System32\sechost.dll
0x00007ffeff020000 - 0x00007ffeff145000 	C:\WINDOWS\System32\RPCRT4.dll
0x00007ffefde30000 - 0x00007ffefdfd1000 	C:\WINDOWS\System32\USER32.dll
0x00007ffee2560000 - 0x00007ffee27fa000 	C:\WINDOWS\WinSxS\amd64_microsoft.windows.common-controls_6595b64144ccf1df_6.0.19041.1110_none_60b5254171f9507e\COMCTL32.dll
0x00007ffefe7e0000 - 0x00007ffefe80b000 	C:\WINDOWS\System32\GDI32.dll
0x00007ffefcb00000 - 0x00007ffefcb22000 	C:\WINDOWS\System32\win32u.dll
0x00007ffefc9a0000 - 0x00007ffefcaaf000 	C:\WINDOWS\System32\gdi32full.dll
0x00007ffefcb30000 - 0x00007ffefcbcd000 	C:\WINDOWS\System32\msvcp_win.dll
0x00007ffef5570000 - 0x00007ffef557a000 	C:\WINDOWS\SYSTEM32\VERSION.dll
0x00007ffefe150000 - 0x00007ffefe182000 	C:\WINDOWS\System32\IMM32.DLL
0x00007ffeeaf30000 - 0x00007ffeeaf3c000 	C:\Program Files\Java\jdk-19\bin\vcruntime140_1.dll
0x00007ffee9b60000 - 0x00007ffee9bee000 	C:\Program Files\Java\jdk-19\bin\msvcp140.dll
0x00007ffead0d0000 - 0x00007ffeadd90000 	C:\Program Files\Java\jdk-19\bin\server\jvm.dll
0x00007ffee93c0000 - 0x00007ffee93e7000 	C:\WINDOWS\SYSTEM32\WINMM.dll
0x00007ffeeaf20000 - 0x00007ffeeaf29000 	C:\WINDOWS\SYSTEM32\WSOCK32.dll
0x00007ffefddc0000 - 0x00007ffefde2b000 	C:\WINDOWS\System32\WS2_32.dll
0x00007ffefa770000 - 0x00007ffefa782000 	C:\WINDOWS\SYSTEM32\kernel.appcore.dll
0x00007ffeeaf10000 - 0x00007ffeeaf1a000 	C:\Program Files\Java\jdk-19\bin\jimage.dll
0x00007ffef9fd0000 - 0x00007ffefa1b4000 	C:\WINDOWS\SYSTEM32\DBGHELP.DLL
0x00007ffee72d0000 - 0x00007ffee7305000 	C:\WINDOWS\SYSTEM32\dbgcore.DLL
0x00007ffefcee0000 - 0x00007ffefcf62000 	C:\WINDOWS\System32\bcryptPrimitives.dll
0x00007ffee9b30000 - 0x00007ffee9b56000 	C:\Program Files\Java\jdk-19\bin\java.dll

dbghelp: loaded successfully - version: 4.0.5 - missing functions: none
symbol engine: initialized successfully - sym options: 0x614 - pdb path: .;C:\Program Files\Java\jdk-19\bin;C:\WINDOWS\SYSTEM32;C:\WINDOWS\WinSxS\amd64_microsoft.windows.common-controls_6595b64144ccf1df_6.0.19041.1110_none_60b5254171f9507e;C:\Program Files\Java\jdk-19\bin\server

VM Arguments:
jvm_args: -Dfile.encoding=UTF-8 --module-path=E:\NetbeansProjects\UnivManager\build\classes 
java_command: univmanager.StudentLogin
java_class_path (initial): C:\Users\Metalhead\OneDrive\Desktop\mysql-connector-java-8.0.28.jar;C:\Users\Metalhead\OneDrive\Desktop\jcalendar-tz-1.3.3-4.jar;C:\Users\Metalhead\OneDrive\Desktop\rs2xml.jar;E:\NetbeansProjects\UnivManager\build\classes
Launcher Type: SUN_STANDARD

[Global flags]
     intx CICompilerCount                          = 4                                         {product} {ergonomic}
     uint ConcGCThreads                            = 2                                         {product} {ergonomic}
     uint G1ConcRefinementThreads                  = 8                                         {product} {ergonomic}
   size_t G1HeapRegionSize                         = 2097152                                   {product} {ergonomic}
    uintx GCDrainStackTargetSize                   = 64                                        {product} {ergonomic}
   size_t InitialHeapSize                          = 266338304                                 {product} {ergonomic}
   size_t MarkStackSize                            = 4194304                                   {product} {ergonomic}
   size_t MaxHeapSize                              = 4250927104                                {product} {ergonomic}
   size_t MinHeapDeltaBytes                        = 2097152                                   {product} {ergonomic}
   size_t MinHeapSize                              = 8388608                                   {product} {ergonomic}
    uintx NonNMethodCodeHeapSize                   = 5839372                                {pd product} {ergonomic}
    uintx NonProfiledCodeHeapSize                  = 122909434                              {pd product} {ergonomic}
    uintx ProfiledCodeHeapSize                     = 122909434                              {pd product} {ergonomic}
    uintx ReservedCodeCacheSize                    = 251658240                              {pd product} {ergonomic}
     bool SegmentedCodeCache                       = true                                      {product} {ergonomic}
   size_t SoftMaxHeapSize                          = 4250927104                             {manageable} {ergonomic}
     bool UseCompressedClassPointers               = true                           {product lp64_product} {ergonomic}
     bool UseCompressedOops                        = true                           {product lp64_product} {ergonomic}
     bool UseG1GC                                  = true                                      {product} {ergonomic}
     bool UseLargePagesIndividualAllocation        = false                                  {pd product} {ergonomic}

Logging:
Log output configuration:
 #0: stdout all=warning uptime,level,tags foldmultilines=false
 #1: stderr all=off uptime,level,tags foldmultilines=false

Environment Variables:
JAVA_HOME=C:\Program Files\Java\jdk-19
PATH=C:\Users\Metalhead\AppData\Local\Programs\Python\Python39\Scripts\;C:\Users\Metalhead\AppData\Local\Programs\Python\Python39\;C:\Program Files\kotlinc\bin;C:\Program Files (x86)\Embarcadero\Studio\21.0\bin;C:\Users\Public\Documents\Embarcadero\Studio\21.0\Bpl;C:\Program Files (x86)\Embarcadero\Studio\21.0\bin64;C:\Users\Public\Documents\Embarcadero\Studio\21.0\Bpl\Win64;C:\Windows\system32;C:\Windows;C:\Windows\System32\Wbem;C:\Windows\System32\WindowsPowerShell\v1.0\;C:\Windows\System32\OpenSSH\;C:\Program Files (x86)\NVIDIA Corporation\PhysX\Common;C:\Program Files\NVIDIA Corporation\NVIDIA NvDLISR;C:\WINDOWS\system32;C:\WINDOWS;C:\WINDOWS\System32\Wbem;C:\WINDOWS\System32\WindowsPowerShell\v1.0\;C:\WINDOWS\System32\OpenSSH\;C:\Program Files\Git\cmd;C:\MinGW\bin;C:\ProgramData\chocolatey\bin;C:\Users\Metalhead\AppData\Local\Programs\kotlinc\bin;C:\Program Files\nodejs\;C:\Program Files\Java\jdk-19\bin;C:\Program Files\MySQL\MySQL Shell 8.0\bin\;C:\Users\Metalhead\anaconda3;C:\Users\Metalhead\anaconda3\Library\mingw-w64\bin;C:\Users\Metalhead\anaconda3\Library\usr\bin;C:\Users\Metalhead\anaconda3\Library\bin;C:\Users\Metalhead\anaconda3\Scripts;C:\Users\Metalhead\AppData\Local\Microsoft\WindowsApps;D:\Program Files\JetBrains\PyCharm Community Edition 2020.3.2\bin;C:\Users\Metalhead\AppData\Local\Programs\Microsoft VS Code\bin;C:\Users\Metalhead\AppData\Local\gitkraken\bin;C:\Users\Metalhead\AppData\Local\Programs\Hyper\resources\bin;C:\Users\Metalhead\AppData\Roaming\npm;C:\Program Files\heroku\bin;E:\IntelliJ IDEA 2022.3.1\bin;
USERNAME=Metalhead
OS=Windows_NT
PROCESSOR_IDENTIFIER=Intel64 Family 6 Model 165 Stepping 2, GenuineIntel
TMP=C:\Users\METALH~1\AppData\Local\Temp
TEMP=C:\Users\METALH~1\AppData\Local\Temp



---------------  S Y S T E M  ---------------

OS:
 Windows 10 , 64 bit Build 19041 (10.0.19041.2364)
OS uptime: 3 days 22:48 hours
Hyper-V role detected

CPU: total 8 (initial active 8) (4 cores per cpu, 2 threads per core) family 6 model 165 stepping 2 microcode 0xc8, cx8, cmov, fxsr, ht, mmx, 3dnowpref, sse, sse2, sse3, ssse3, sse4.1, sse4.2, popcnt, lzcnt, tsc, tscinvbit, avx, avx2, aes, erms, clmul, bmi1, bmi2, adx, fma, vzeroupper, clflush, clflushopt, hv, rdtscp

Memory: 4k page, system-wide physical 16215M (6768M free)
TotalPageFile size 26215M (AvailPageFile size 129M)
current process WorkingSet (physical memory assigned to process): 10M, peak: 10M
current process commit charge ("private bytes"): 60M, peak: 314M

vm_info: Java HotSpot(TM) 64-Bit Server VM (19.0.1+10-21) for windows-amd64 JRE (19.0.1+10-21), built on 2022-09-14T12:45:06Z by "mach5one" with MS VC++ 17.1 (VS2022)

END.
